<?xml version="1.0" encoding="UTF-8"?>
<testng-results skipped="0" failed="0" ignored="0" total="1" passed="1">
  <reporter-output>
  </reporter-output>
  <suite name="Suite" duration-ms="58656" started-at="2019-12-24T06:08:51Z" finished-at="2019-12-24T06:09:49Z">
    <groups>
    </groups>
    <test name="Test" duration-ms="58656" started-at="2019-12-24T06:08:51Z" finished-at="2019-12-24T06:09:49Z">
      <class name="org.framework.demo.HomePage">
        <test-method status="PASS" signature="InitiateDriver()[pri:0, instance:org.framework.demo.HomePage@4c40b76e]" name="InitiateDriver" is-config="true" duration-ms="15794" started-at="2019-12-24T06:08:51Z" finished-at="2019-12-24T06:09:07Z">
          <reporter-output>
          </reporter-output>
        </test-method> <!-- InitiateDriver -->
        <test-method status="PASS" signature="HomePage(java.lang.String, java.lang.String)[pri:0, instance:org.framework.demo.HomePage@4c40b76e]" name="HomePage" duration-ms="38525" started-at="2019-12-24T06:09:07Z" data-provider="getData" finished-at="2019-12-24T06:09:45Z">
          <params>
            <param index="0">
              <value>
                <![CDATA[security]]>
              </value>
            </param>
            <param index="1">
              <value>
                <![CDATA[abc@12345]]>
              </value>
            </param>
          </params>
          <reporter-output>
          </reporter-output>
        </test-method> <!-- HomePage -->
        <test-method status="PASS" signature="teardown()[pri:0, instance:org.framework.demo.HomePage@4c40b76e]" name="teardown" is-config="true" duration-ms="4322" started-at="2019-12-24T06:09:45Z" finished-at="2019-12-24T06:09:49Z">
          <reporter-output>
          </reporter-output>
        </test-method> <!-- teardown -->
      </class> <!-- org.framework.demo.HomePage -->
    </test> <!-- Test -->
  </suite> <!-- Suite -->
</testng-results>
