<?xml version="1.0" encoding="UTF-8"?>
<testng-results skipped="0" failed="0" ignored="0" total="1" passed="1">
  <reporter-output>
  </reporter-output>
  <suite name="Suite" duration-ms="21223" started-at="2019-12-25T13:10:37Z" finished-at="2019-12-25T13:10:58Z">
    <groups>
    </groups>
    <test name="Test" duration-ms="21223" started-at="2019-12-25T13:10:37Z" finished-at="2019-12-25T13:10:58Z">
      <class name="org.framework.demo.HomePage">
        <test-method status="PASS" signature="InitiateDriver()[pri:0, instance:org.framework.demo.HomePage@7205765b]" name="InitiateDriver" is-config="true" duration-ms="9701" started-at="2019-12-25T13:10:37Z" finished-at="2019-12-25T13:10:47Z">
          <reporter-output>
          </reporter-output>
        </test-method> <!-- InitiateDriver -->
        <test-method status="PASS" signature="HomePage(java.lang.String, java.lang.String)[pri:0, instance:org.framework.demo.HomePage@7205765b]" name="HomePage" duration-ms="7357" started-at="2019-12-25T13:10:47Z" data-provider="getData" finished-at="2019-12-25T13:10:54Z">
          <params>
            <param index="0">
              <value>
                <![CDATA[security]]>
              </value>
            </param>
            <param index="1">
              <value>
                <![CDATA[abc@12345]]>
              </value>
            </param>
          </params>
          <reporter-output>
          </reporter-output>
        </test-method> <!-- HomePage -->
        <test-method status="PASS" signature="teardown()[pri:0, instance:org.framework.demo.HomePage@7205765b]" name="teardown" is-config="true" duration-ms="4143" started-at="2019-12-25T13:10:54Z" finished-at="2019-12-25T13:10:58Z">
          <reporter-output>
          </reporter-output>
        </test-method> <!-- teardown -->
      </class> <!-- org.framework.demo.HomePage -->
    </test> <!-- Test -->
  </suite> <!-- Suite -->
</testng-results>
