<?xml version="1.0" encoding="UTF-8"?>
<testng-results skipped="0" failed="0" ignored="0" total="1" passed="1">
  <reporter-output>
  </reporter-output>
  <suite name="Default suite" duration-ms="47312" started-at="2020-01-18T16:32:22 IST" finished-at="2020-01-18T16:33:10 IST">
    <groups>
    </groups>
    <test name="Default test" duration-ms="47312" started-at="2020-01-18T16:32:22 IST" finished-at="2020-01-18T16:33:10 IST">
      <class name="org.framework.demo.Provisioning">
        <test-method status="PASS" signature="InitiateDriver()[pri:0, instance:org.framework.demo.Provisioning@5bda8e08]" name="InitiateDriver" is-config="true" duration-ms="9671" started-at="2020-01-18T16:32:22 IST" finished-at="2020-01-18T16:32:32 IST">
          <reporter-output>
          </reporter-output>
        </test-method> <!-- InitiateDriver -->
        <test-method status="PASS" signature="partnerLogin()[pri:0, instance:org.framework.demo.Provisioning@5bda8e08]" name="partnerLogin" duration-ms="37603" started-at="2020-01-18T16:32:32 IST" finished-at="2020-01-18T16:33:10 IST">
          <reporter-output>
          </reporter-output>
        </test-method> <!-- partnerLogin -->
      </class> <!-- org.framework.demo.Provisioning -->
    </test> <!-- Default test -->
  </suite> <!-- Default suite -->
</testng-results>
